<?xml version="1.0" encoding="UTF-8"?>
<!-- Generated by org.testng.reporters.JUnitXMLReporter -->
<testsuite hostname="MSI" failures="1" tests="5" name="Login" time="49.692" errors="0" timestamp="8 Jul 2022 10:13:05 GMT">
  <testcase classname="amazon.Login" name="titleVerification" time="4.339"/>
  <testcase classname="amazon.Login" name="signinWithNoData" time="8.061"/>
  <testcase classname="amazon.Login" name="signinWithInvalidData" time="12.398"/>
  <testcase classname="amazon.Login" name="signinWithInvalidPassword" time="8.87">
    <failure type="java.lang.AssertionError" message="expected [Your password is incorrect] but found [To better protect your account, please re-enter your password and then enter the characters as they are shown in the image below.]">
      <![CDATA[java.lang.AssertionError: expected [Your password is incorrect] but found [To better protect your account, please re-enter your password and then enter the characters as they are shown in the image below.]
	at amazon.Login.signinWithInvalidPassword(Login.java:88)
... Removed 29 stack frames]]>
    </failure>
  </testcase> <!-- signinWithInvalidPassword -->
  <testcase classname="amazon.Login" name="signinWithValidData" time="8.927"/>
</testsuite> <!-- Login -->
